<?xml version="1.0" encoding="UTF-8"?>
<testsuite name="SecondTest" tests="1" skipped="0" failures="0" errors="0" timestamp="2020-10-12T20:05:13" hostname="DESKTOP-8F5JG97" time="0.002">
  <properties/>
  <testcase name="addBookToFullLibraryTest" classname="SecondTest" time="0.002"/>
  <system-out><![CDATA[]]></system-out>
  <system-err><![CDATA[]]></system-err>
</testsuite>
