<?xml version="1.0" encoding="UTF-8"?>
<testsuite name="SecondTest" tests="2" skipped="0" failures="0" errors="0" timestamp="2020-10-12T17:59:54" hostname="DESKTOP-8F5JG97" time="0.035">
  <properties/>
  <testcase name="createLibraryExceptionReturn" classname="SecondTest" time="0.014"/>
  <testcase name="TakeBookReturnBookInfo" classname="SecondTest" time="0.015"/>
  <system-out><![CDATA[]]></system-out>
  <system-err><![CDATA[]]></system-err>
</testsuite>
