<?xml version="1.0" encoding="UTF-8"?>
<testsuite name="TestFirst" tests="1" skipped="0" failures="0" errors="0" timestamp="2020-10-12T17:59:54" hostname="DESKTOP-8F5JG97" time="0.003">
  <properties/>
  <testcase name="libraryFactoryInitializeTest" classname="TestFirst" time="0.003"/>
  <system-out><![CDATA[]]></system-out>
  <system-err><![CDATA[]]></system-err>
</testsuite>
